-------------------------------------------------------------------------------
Test set: com.in28minutes.soap.webservices.soapcoursemanagement.SoapCourseManagementApplicationTests
-------------------------------------------------------------------------------
Tests run: 1, Failures: 0, Errors: 1, Skipped: 0, Time elapsed: 8.056 s <<< FAILURE! - in com.in28minutes.soap.webservices.soapcoursemanagement.SoapCourseManagementApplicationTests
initializationError(com.in28minutes.soap.webservices.soapcoursemanagement.SoapCourseManagementApplicationTests)  Time elapsed: 0.001 s  <<< ERROR!
java.lang.IllegalStateException: Unable to find a @SpringBootConfiguration, you need to use @ContextConfiguration or @SpringBootTest(classes=...) with your test

